<?xml version="1.0" encoding="UTF-8"?>
<!-- Generated by org.testng.reporters.JUnitReportReporter -->
<testsuite skipped="0" hostname="DESKTOP-GQFH89F" name="test.Validate_Testing" tests="1" failures="0" timestamp="08 Jul 2021 02:42:40 GMT" time="6.946" errors="0">
  <testcase name="validUserShouldBeAbleToValidateTest" time="6.946" classname="test.Validate_Testing"/>
</testsuite> <!-- test.Validate_Testing -->
