<?xml version="1.0" encoding="UTF-8"?>
<!-- Generated by org.testng.reporters.JUnitReportReporter -->
<testsuite skipped="0" hostname="DESKTOP-GQFH89F" name="jUnit.Validate_Testing" tests="1" failures="0" timestamp="05 Jul 2021 22:56:00 GMT" time="4.873" errors="0">
  <testcase name="vdateTesting" time="4.873" classname="jUnit.Validate_Testing"/>
</testsuite> <!-- jUnit.Validate_Testing -->
